0 verbose cli C:\Program Files\nodejs\node.exe C:\Program Files\nodejs\node_modules\npm\bin\npm-cli.js
1 info using npm@10.7.0
2 info using node@v20.14.0
3 silly config:load:file:C:\Program Files\nodejs\node_modules\npm\npmrc
4 silly config:load:file:C:\laragon\www\KPRI-GRAFIKA\.npmrc
5 silly config:load:file:C:\Users\aldil\.npmrc
6 silly config:load:file:C:\laragon\www\KPRI-GRAFIKA\%USERPROFILE%\AppData\Roaming\npm\etc\npmrc
7 verbose title npm install
8 verbose argv "install"
9 verbose logfile logs-max:10 dir:C:\laragon\www\KPRI-GRAFIKA\%USERPROFILE%\AppData\Roaming\npm-cache\_logs\2025-02-14T14_00_31_070Z-
10 verbose logfile C:\laragon\www\KPRI-GRAFIKA\%USERPROFILE%\AppData\Roaming\npm-cache\_logs\2025-02-14T14_00_31_070Z-debug-0.log
11 silly logfile done cleaning log files
12 silly idealTree buildDeps
13 silly reify moves {}
14 silly audit bulk request {
14 silly audit   '@alloc/quick-lru': [ '5.2.0' ],
14 silly audit   '@esbuild/aix-ppc64': [ '0.24.2' ],
14 silly audit   '@esbuild/android-arm': [ '0.24.2' ],
14 silly audit   '@esbuild/android-arm64': [ '0.24.2' ],
14 silly audit   '@esbuild/android-x64': [ '0.24.2' ],
14 silly audit   '@esbuild/darwin-arm64': [ '0.24.2' ],
14 silly audit   '@esbuild/darwin-x64': [ '0.24.2' ],
14 silly audit   '@esbuild/freebsd-arm64': [ '0.24.2' ],
14 silly audit   '@esbuild/freebsd-x64': [ '0.24.2' ],
14 silly audit   '@esbuild/linux-arm': [ '0.24.2' ],
14 silly audit   '@esbuild/linux-arm64': [ '0.24.2' ],
14 silly audit   '@esbuild/linux-ia32': [ '0.24.2' ],
14 silly audit   '@esbuild/linux-loong64': [ '0.24.2' ],
14 silly audit   '@esbuild/linux-mips64el': [ '0.24.2' ],
14 silly audit   '@esbuild/linux-ppc64': [ '0.24.2' ],
14 silly audit   '@esbuild/linux-riscv64': [ '0.24.2' ],
14 silly audit   '@esbuild/linux-s390x': [ '0.24.2' ],
14 silly audit   '@esbuild/linux-x64': [ '0.24.2' ],
14 silly audit   '@esbuild/netbsd-arm64': [ '0.24.2' ],
14 silly audit   '@esbuild/netbsd-x64': [ '0.24.2' ],
14 silly audit   '@esbuild/openbsd-arm64': [ '0.24.2' ],
14 silly audit   '@esbuild/openbsd-x64': [ '0.24.2' ],
14 silly audit   '@esbuild/sunos-x64': [ '0.24.2' ],
14 silly audit   '@esbuild/win32-arm64': [ '0.24.2' ],
14 silly audit   '@esbuild/win32-ia32': [ '0.24.2' ],
14 silly audit   '@esbuild/win32-x64': [ '0.24.2' ],
14 silly audit   '@isaacs/cliui': [ '8.0.2' ],
14 silly audit   '@jridgewell/gen-mapping': [ '0.3.8' ],
14 silly audit   '@jridgewell/resolve-uri': [ '3.1.2' ],
14 silly audit   '@jridgewell/set-array': [ '1.2.1' ],
14 silly audit   '@jridgewell/sourcemap-codec': [ '1.5.0' ],
14 silly audit   '@jridgewell/trace-mapping': [ '0.3.25' ],
14 silly audit   '@nodelib/fs.scandir': [ '2.1.5' ],
14 silly audit   '@nodelib/fs.stat': [ '2.0.5' ],
14 silly audit   '@nodelib/fs.walk': [ '1.2.8' ],
14 silly audit   '@pkgjs/parseargs': [ '0.11.0' ],
14 silly audit   '@rollup/rollup-android-arm-eabi': [ '4.32.1' ],
14 silly audit   '@rollup/rollup-android-arm64': [ '4.32.1' ],
14 silly audit   '@rollup/rollup-darwin-arm64': [ '4.32.1' ],
14 silly audit   '@rollup/rollup-darwin-x64': [ '4.32.1' ],
14 silly audit   '@rollup/rollup-freebsd-arm64': [ '4.32.1' ],
14 silly audit   '@rollup/rollup-freebsd-x64': [ '4.32.1' ],
14 silly audit   '@rollup/rollup-linux-arm-gnueabihf': [ '4.32.1' ],
14 silly audit   '@rollup/rollup-linux-arm-musleabihf': [ '4.32.1' ],
14 silly audit   '@rollup/rollup-linux-arm64-gnu': [ '4.32.1' ],
14 silly audit   '@rollup/rollup-linux-arm64-musl': [ '4.32.1' ],
14 silly audit   '@rollup/rollup-linux-loongarch64-gnu': [ '4.32.1' ],
14 silly audit   '@rollup/rollup-linux-powerpc64le-gnu': [ '4.32.1' ],
14 silly audit   '@rollup/rollup-linux-riscv64-gnu': [ '4.32.1' ],
14 silly audit   '@rollup/rollup-linux-s390x-gnu': [ '4.32.1' ],
14 silly audit   '@rollup/rollup-linux-x64-gnu': [ '4.32.1' ],
14 silly audit   '@rollup/rollup-linux-x64-musl': [ '4.32.1' ],
14 silly audit   '@rollup/rollup-win32-arm64-msvc': [ '4.32.1' ],
14 silly audit   '@rollup/rollup-win32-ia32-msvc': [ '4.32.1' ],
14 silly audit   '@rollup/rollup-win32-x64-msvc': [ '4.32.1' ],
14 silly audit   '@tailwindcss/node': [ '4.0.0' ],
14 silly audit   tailwindcss: [ '4.0.0', '3.4.17' ],
14 silly audit   '@tailwindcss/oxide': [ '4.0.0' ],
14 silly audit   '@tailwindcss/oxide-android-arm64': [ '4.0.0' ],
14 silly audit   '@tailwindcss/oxide-darwin-arm64': [ '4.0.0' ],
14 silly audit   '@tailwindcss/oxide-darwin-x64': [ '4.0.0' ],
14 silly audit   '@tailwindcss/oxide-freebsd-x64': [ '4.0.0' ],
14 silly audit   '@tailwindcss/oxide-linux-arm-gnueabihf': [ '4.0.0' ],
14 silly audit   '@tailwindcss/oxide-linux-arm64-gnu': [ '4.0.0' ],
14 silly audit   '@tailwindcss/oxide-linux-arm64-musl': [ '4.0.0' ],
14 silly audit   '@tailwindcss/oxide-linux-x64-gnu': [ '4.0.0' ],
14 silly audit   '@tailwindcss/oxide-linux-x64-musl': [ '4.0.0' ],
14 silly audit   '@tailwindcss/oxide-win32-arm64-msvc': [ '4.0.0' ],
14 silly audit   '@tailwindcss/oxide-win32-x64-msvc': [ '4.0.0' ],
14 silly audit   '@tailwindcss/vite': [ '4.0.0' ],
14 silly audit   '@types/estree': [ '1.0.6' ],
14 silly audit   'ansi-regex': [ '6.1.0', '5.0.1' ],
14 silly audit   'ansi-styles': [ '4.3.0', '6.2.1' ],
14 silly audit   'any-promise': [ '1.3.0' ],
14 silly audit   anymatch: [ '3.1.3' ],
14 silly audit   arg: [ '5.0.2' ],
14 silly audit   asynckit: [ '0.4.0' ],
14 silly audit   autoprefixer: [ '10.4.20' ],
14 silly audit   axios: [ '1.7.9' ],
14 silly audit   'balanced-match': [ '1.0.2' ],
14 silly audit   'binary-extensions': [ '2.3.0' ],
14 silly audit   'brace-expansion': [ '2.0.1' ],
14 silly audit   braces: [ '3.0.3' ],
14 silly audit   browserslist: [ '4.24.4' ],
14 silly audit   'camelcase-css': [ '2.0.1' ],
14 silly audit   'caniuse-lite': [ '1.0.30001695' ],
14 silly audit   chalk: [ '4.1.2' ],
14 silly audit   'supports-color': [ '7.2.0', '8.1.1' ],
14 silly audit   chokidar: [ '3.6.0' ],
14 silly audit   'glob-parent': [ '5.1.2', '6.0.2' ],
14 silly audit   cliui: [ '8.0.1' ],
14 silly audit   'emoji-regex': [ '8.0.0', '9.2.2' ],
14 silly audit   'string-width': [ '4.2.3', '5.1.2' ],
14 silly audit   'strip-ansi': [ '6.0.1', '7.1.0' ],
14 silly audit   'wrap-ansi': [ '7.0.0', '8.1.0' ],
14 silly audit   'color-convert': [ '2.0.1' ],
14 silly audit   'color-name': [ '1.1.4' ],
14 silly audit   'combined-stream': [ '1.0.8' ],
14 silly audit   commander: [ '4.1.1' ],
14 silly audit   concurrently: [ '9.1.2' ],
14 silly audit   'cross-spawn': [ '7.0.6' ],
14 silly audit   cssesc: [ '3.0.0' ],
14 silly audit   dayjs: [ '1.11.13' ],
14 silly audit   'delayed-stream': [ '1.0.0' ],
14 silly audit   'detect-libc': [ '1.0.3' ],
14 silly audit   didyoumean: [ '1.2.2' ],
14 silly audit   'diff-dom': [ '5.1.4' ],
14 silly audit   dlv: [ '1.1.3' ],
14 silly audit   eastasianwidth: [ '0.2.0' ],
14 silly audit   'electron-to-chromium': [ '1.5.88' ],
14 silly audit   'enhanced-resolve': [ '5.18.0' ],
14 silly audit   esbuild: [ '0.24.2' ],
14 silly audit   escalade: [ '3.2.0' ],
14 silly audit   'fast-glob': [ '3.3.3' ],
14 silly audit   fastq: [ '1.18.0' ],
14 silly audit   'fill-range': [ '7.1.1' ],
14 silly audit   'follow-redirects': [ '1.15.9' ],
14 silly audit   'foreground-child': [ '3.3.0' ],
14 silly audit   'form-data': [ '4.0.1' ],
14 silly audit   'fraction.js': [ '4.3.7' ],
14 silly audit   fsevents: [ '2.3.3' ],
14 silly audit   'function-bind': [ '1.1.2' ],
14 silly audit   'get-caller-file': [ '2.0.5' ],
14 silly audit   glob: [ '10.4.5' ],
14 silly audit   'graceful-fs': [ '4.2.11' ],
14 silly audit   'has-flag': [ '4.0.0' ],
14 silly audit   hasown: [ '2.0.2' ],
14 silly audit   'is-binary-path': [ '2.1.0' ],
14 silly audit   'is-core-module': [ '2.16.1' ],
14 silly audit   'is-extglob': [ '2.1.1' ],
14 silly audit   'is-fullwidth-code-point': [ '3.0.0' ],
14 silly audit   'is-glob': [ '4.0.3' ],
14 silly audit   'is-number': [ '7.0.0' ],
14 silly audit   isexe: [ '2.0.0' ],
14 silly audit   jackspeak: [ '3.4.3' ],
14 silly audit   jiti: [ '2.4.2', '1.21.7' ],
14 silly audit   'laravel-vite-plugin': [ '1.2.0' ],
14 silly audit   lightningcss: [ '1.29.1' ],
14 silly audit   'lightningcss-darwin-arm64': [ '1.29.1' ],
14 silly audit   'lightningcss-darwin-x64': [ '1.29.1' ],
14 silly audit   'lightningcss-freebsd-x64': [ '1.29.1' ],
14 silly audit   'lightningcss-linux-arm-gnueabihf': [ '1.29.1' ],
14 silly audit   'lightningcss-linux-arm64-gnu': [ '1.29.1' ],
14 silly audit   'lightningcss-linux-arm64-musl': [ '1.29.1' ],
14 silly audit   'lightningcss-linux-x64-gnu': [ '1.29.1' ],
14 silly audit   'lightningcss-linux-x64-musl': [ '1.29.1' ],
14 silly audit   'lightningcss-win32-arm64-msvc': [ '1.29.1' ],
14 silly audit   'lightningcss-win32-x64-msvc': [ '1.29.1' ],
14 silly audit   lilconfig: [ '3.1.3' ],
14 silly audit   'lines-and-columns': [ '1.2.4' ],
14 silly audit   lodash: [ '4.17.21' ],
14 silly audit   'lru-cache': [ '10.4.3' ],
14 silly audit   merge2: [ '1.4.1' ],
14 silly audit   micromatch: [ '4.0.8' ],
14 silly audit   'mime-db': [ '1.52.0' ],
14 silly audit   'mime-types': [ '2.1.35' ],
14 silly audit   minimatch: [ '9.0.5' ],
14 silly audit   minipass: [ '7.1.2' ],
14 silly audit   mz: [ '2.7.0' ],
14 silly audit   nanoid: [ '3.3.8' ],
14 silly audit   'node-releases': [ '2.0.19' ],
14 silly audit   'normalize-path': [ '3.0.0' ],
14 silly audit   'normalize-range': [ '0.1.2' ],
14 silly audit   'object-assign': [ '4.1.1' ],
14 silly audit   'object-hash': [ '3.0.0' ],
14 silly audit   'package-json-from-dist': [ '1.0.1' ],
14 silly audit   'path-key': [ '3.1.1' ],
14 silly audit   'path-parse': [ '1.0.7' ],
14 silly audit   'path-scurry': [ '1.11.1' ],
14 silly audit   picocolors: [ '1.1.1' ],
14 silly audit   picomatch: [ '2.3.1' ],
14 silly audit   pify: [ '2.3.0' ],
14 silly audit   pirates: [ '4.0.6' ],
14 silly audit   postcss: [ '8.5.1' ],
14 silly audit   'postcss-import': [ '15.1.0' ],
14 silly audit   'postcss-js': [ '4.0.1' ],
14 silly audit   'postcss-load-config': [ '4.0.2' ],
14 silly audit   'postcss-nested': [ '6.2.0' ],
14 silly audit   'postcss-selector-parser': [ '6.1.2' ],
14 silly audit   'postcss-value-parser': [ '4.2.0' ],
14 silly audit   'proxy-from-env': [ '1.1.0' ],
14 silly audit   'queue-microtask': [ '1.2.3' ],
14 silly audit   'read-cache': [ '1.0.0' ],
14 silly audit   readdirp: [ '3.6.0' ],
14 silly audit   'require-directory': [ '2.1.1' ],
14 silly audit   resolve: [ '1.22.10' ],
14 silly audit   reusify: [ '1.0.4' ],
14 silly audit   rollup: [ '4.32.1' ],
14 silly audit   'run-parallel': [ '1.2.0' ],
14 silly audit   rxjs: [ '7.8.1' ],
14 silly audit   'shebang-command': [ '2.0.0' ],
14 silly audit   'shebang-regex': [ '3.0.0' ],
14 silly audit   'shell-quote': [ '1.8.2' ],
14 silly audit   'signal-exit': [ '4.1.0' ],
14 silly audit   'simple-datatables': [ '9.2.2' ],
14 silly audit   'source-map-js': [ '1.2.1' ],
14 silly audit   sucrase: [ '3.35.0' ],
14 silly audit   'supports-preserve-symlinks-flag': [ '1.0.0' ],
14 silly audit   tapable: [ '2.2.1' ],
14 silly audit   thenify: [ '3.3.1' ],
14 silly audit   'thenify-all': [ '1.6.0' ],
14 silly audit   'to-regex-range': [ '5.0.1' ],
14 silly audit   'tree-kill': [ '1.2.2' ],
14 silly audit   'ts-interface-checker': [ '0.1.13' ],
14 silly audit   tslib: [ '2.8.1' ],
14 silly audit   'update-browserslist-db': [ '1.1.2' ],
14 silly audit   'util-deprecate': [ '1.0.2' ],
14 silly audit   vite: [ '6.0.11' ],
14 silly audit   'vite-plugin-full-reload': [ '1.2.0' ],
14 silly audit   which: [ '2.0.2' ],
14 silly audit   y18n: [ '5.0.8' ],
14 silly audit   yaml: [ '2.7.0' ],
14 silly audit   yargs: [ '17.7.2' ],
14 silly audit   'yargs-parser': [ '21.1.1' ]
14 silly audit }
15 verbose reify failed optional dependency C:\laragon\www\KPRI-GRAFIKA\node_modules\lightningcss-win32-arm64-msvc
16 silly reify mark deleted [
16 silly reify   'C:\\laragon\\www\\KPRI-GRAFIKA\\node_modules\\lightningcss-win32-arm64-msvc'
16 silly reify ]
17 verbose reify failed optional dependency C:\laragon\www\KPRI-GRAFIKA\node_modules\lightningcss-linux-x64-musl
18 silly reify mark deleted [
18 silly reify   'C:\\laragon\\www\\KPRI-GRAFIKA\\node_modules\\lightningcss-linux-x64-musl'
18 silly reify ]
19 verbose reify failed optional dependency C:\laragon\www\KPRI-GRAFIKA\node_modules\lightningcss-linux-x64-gnu
20 silly reify mark deleted [
20 silly reify   'C:\\laragon\\www\\KPRI-GRAFIKA\\node_modules\\lightningcss-linux-x64-gnu'
20 silly reify ]
21 verbose reify failed optional dependency C:\laragon\www\KPRI-GRAFIKA\node_modules\lightningcss-linux-arm64-musl
22 silly reify mark deleted [
22 silly reify   'C:\\laragon\\www\\KPRI-GRAFIKA\\node_modules\\lightningcss-linux-arm64-musl'
22 silly reify ]
23 verbose reify failed optional dependency C:\laragon\www\KPRI-GRAFIKA\node_modules\lightningcss-linux-arm64-gnu
24 silly reify mark deleted [
24 silly reify   'C:\\laragon\\www\\KPRI-GRAFIKA\\node_modules\\lightningcss-linux-arm64-gnu'
24 silly reify ]
25 verbose reify failed optional dependency C:\laragon\www\KPRI-GRAFIKA\node_modules\lightningcss-linux-arm-gnueabihf
26 silly reify mark deleted [
26 silly reify   'C:\\laragon\\www\\KPRI-GRAFIKA\\node_modules\\lightningcss-linux-arm-gnueabihf'
26 silly reify ]
27 verbose reify failed optional dependency C:\laragon\www\KPRI-GRAFIKA\node_modules\lightningcss-freebsd-x64
28 silly reify mark deleted [
28 silly reify   'C:\\laragon\\www\\KPRI-GRAFIKA\\node_modules\\lightningcss-freebsd-x64'
28 silly reify ]
29 verbose reify failed optional dependency C:\laragon\www\KPRI-GRAFIKA\node_modules\lightningcss-darwin-x64
30 silly reify mark deleted [
30 silly reify   'C:\\laragon\\www\\KPRI-GRAFIKA\\node_modules\\lightningcss-darwin-x64'
30 silly reify ]
31 verbose reify failed optional dependency C:\laragon\www\KPRI-GRAFIKA\node_modules\lightningcss-darwin-arm64
32 silly reify mark deleted [
32 silly reify   'C:\\laragon\\www\\KPRI-GRAFIKA\\node_modules\\lightningcss-darwin-arm64'
32 silly reify ]
33 verbose reify failed optional dependency C:\laragon\www\KPRI-GRAFIKA\node_modules\fsevents
34 silly reify mark deleted [ 'C:\\laragon\\www\\KPRI-GRAFIKA\\node_modules\\fsevents' ]
35 verbose reify failed optional dependency C:\laragon\www\KPRI-GRAFIKA\node_modules\@tailwindcss\oxide-win32-arm64-msvc
36 silly reify mark deleted [
36 silly reify   'C:\\laragon\\www\\KPRI-GRAFIKA\\node_modules\\@tailwindcss\\oxide-win32-arm64-msvc'
36 silly reify ]
37 verbose reify failed optional dependency C:\laragon\www\KPRI-GRAFIKA\node_modules\@tailwindcss\oxide-linux-x64-musl
38 silly reify mark deleted [
38 silly reify   'C:\\laragon\\www\\KPRI-GRAFIKA\\node_modules\\@tailwindcss\\oxide-linux-x64-musl'
38 silly reify ]
39 verbose reify failed optional dependency C:\laragon\www\KPRI-GRAFIKA\node_modules\@tailwindcss\oxide-linux-x64-gnu
40 silly reify mark deleted [
40 silly reify   'C:\\laragon\\www\\KPRI-GRAFIKA\\node_modules\\@tailwindcss\\oxide-linux-x64-gnu'
40 silly reify ]
41 verbose reify failed optional dependency C:\laragon\www\KPRI-GRAFIKA\node_modules\@tailwindcss\oxide-linux-arm64-musl
42 silly reify mark deleted [
42 silly reify   'C:\\laragon\\www\\KPRI-GRAFIKA\\node_modules\\@tailwindcss\\oxide-linux-arm64-musl'
42 silly reify ]
43 verbose reify failed optional dependency C:\laragon\www\KPRI-GRAFIKA\node_modules\@tailwindcss\oxide-linux-arm64-gnu
44 silly reify mark deleted [
44 silly reify   'C:\\laragon\\www\\KPRI-GRAFIKA\\node_modules\\@tailwindcss\\oxide-linux-arm64-gnu'
44 silly reify ]
45 verbose reify failed optional dependency C:\laragon\www\KPRI-GRAFIKA\node_modules\@tailwindcss\oxide-linux-arm-gnueabihf
46 silly reify mark deleted [
46 silly reify   'C:\\laragon\\www\\KPRI-GRAFIKA\\node_modules\\@tailwindcss\\oxide-linux-arm-gnueabihf'
46 silly reify ]
47 verbose reify failed optional dependency C:\laragon\www\KPRI-GRAFIKA\node_modules\@tailwindcss\oxide-freebsd-x64
48 silly reify mark deleted [
48 silly reify   'C:\\laragon\\www\\KPRI-GRAFIKA\\node_modules\\@tailwindcss\\oxide-freebsd-x64'
48 silly reify ]
49 verbose reify failed optional dependency C:\laragon\www\KPRI-GRAFIKA\node_modules\@tailwindcss\oxide-darwin-x64
50 silly reify mark deleted [
50 silly reify   'C:\\laragon\\www\\KPRI-GRAFIKA\\node_modules\\@tailwindcss\\oxide-darwin-x64'
50 silly reify ]
51 verbose reify failed optional dependency C:\laragon\www\KPRI-GRAFIKA\node_modules\@tailwindcss\oxide-darwin-arm64
52 silly reify mark deleted [
52 silly reify   'C:\\laragon\\www\\KPRI-GRAFIKA\\node_modules\\@tailwindcss\\oxide-darwin-arm64'
52 silly reify ]
53 verbose reify failed optional dependency C:\laragon\www\KPRI-GRAFIKA\node_modules\@tailwindcss\oxide-android-arm64
54 silly reify mark deleted [
54 silly reify   'C:\\laragon\\www\\KPRI-GRAFIKA\\node_modules\\@tailwindcss\\oxide-android-arm64'
54 silly reify ]
55 verbose reify failed optional dependency C:\laragon\www\KPRI-GRAFIKA\node_modules\@rollup\rollup-win32-ia32-msvc
56 silly reify mark deleted [
56 silly reify   'C:\\laragon\\www\\KPRI-GRAFIKA\\node_modules\\@rollup\\rollup-win32-ia32-msvc'
56 silly reify ]
57 verbose reify failed optional dependency C:\laragon\www\KPRI-GRAFIKA\node_modules\@rollup\rollup-win32-arm64-msvc
58 silly reify mark deleted [
58 silly reify   'C:\\laragon\\www\\KPRI-GRAFIKA\\node_modules\\@rollup\\rollup-win32-arm64-msvc'
58 silly reify ]
59 verbose reify failed optional dependency C:\laragon\www\KPRI-GRAFIKA\node_modules\@rollup\rollup-linux-x64-musl
60 silly reify mark deleted [
60 silly reify   'C:\\laragon\\www\\KPRI-GRAFIKA\\node_modules\\@rollup\\rollup-linux-x64-musl'
60 silly reify ]
61 verbose reify failed optional dependency C:\laragon\www\KPRI-GRAFIKA\node_modules\@rollup\rollup-linux-x64-gnu
62 silly reify mark deleted [
62 silly reify   'C:\\laragon\\www\\KPRI-GRAFIKA\\node_modules\\@rollup\\rollup-linux-x64-gnu'
62 silly reify ]
63 verbose reify failed optional dependency C:\laragon\www\KPRI-GRAFIKA\node_modules\@rollup\rollup-linux-s390x-gnu
64 silly reify mark deleted [
64 silly reify   'C:\\laragon\\www\\KPRI-GRAFIKA\\node_modules\\@rollup\\rollup-linux-s390x-gnu'
64 silly reify ]
65 verbose reify failed optional dependency C:\laragon\www\KPRI-GRAFIKA\node_modules\@rollup\rollup-linux-riscv64-gnu
66 silly reify mark deleted [
66 silly reify   'C:\\laragon\\www\\KPRI-GRAFIKA\\node_modules\\@rollup\\rollup-linux-riscv64-gnu'
66 silly reify ]
67 verbose reify failed optional dependency C:\laragon\www\KPRI-GRAFIKA\node_modules\@rollup\rollup-linux-powerpc64le-gnu
68 silly reify mark deleted [
68 silly reify   'C:\\laragon\\www\\KPRI-GRAFIKA\\node_modules\\@rollup\\rollup-linux-powerpc64le-gnu'
68 silly reify ]
69 verbose reify failed optional dependency C:\laragon\www\KPRI-GRAFIKA\node_modules\@rollup\rollup-linux-loongarch64-gnu
70 silly reify mark deleted [
70 silly reify   'C:\\laragon\\www\\KPRI-GRAFIKA\\node_modules\\@rollup\\rollup-linux-loongarch64-gnu'
70 silly reify ]
71 verbose reify failed optional dependency C:\laragon\www\KPRI-GRAFIKA\node_modules\@rollup\rollup-linux-arm64-musl
72 silly reify mark deleted [
72 silly reify   'C:\\laragon\\www\\KPRI-GRAFIKA\\node_modules\\@rollup\\rollup-linux-arm64-musl'
72 silly reify ]
73 verbose reify failed optional dependency C:\laragon\www\KPRI-GRAFIKA\node_modules\@rollup\rollup-linux-arm64-gnu
74 silly reify mark deleted [
74 silly reify   'C:\\laragon\\www\\KPRI-GRAFIKA\\node_modules\\@rollup\\rollup-linux-arm64-gnu'
74 silly reify ]
75 verbose reify failed optional dependency C:\laragon\www\KPRI-GRAFIKA\node_modules\@rollup\rollup-linux-arm-musleabihf
76 silly reify mark deleted [
76 silly reify   'C:\\laragon\\www\\KPRI-GRAFIKA\\node_modules\\@rollup\\rollup-linux-arm-musleabihf'
76 silly reify ]
77 verbose reify failed optional dependency C:\laragon\www\KPRI-GRAFIKA\node_modules\@rollup\rollup-linux-arm-gnueabihf
78 silly reify mark deleted [
78 silly reify   'C:\\laragon\\www\\KPRI-GRAFIKA\\node_modules\\@rollup\\rollup-linux-arm-gnueabihf'
78 silly reify ]
79 verbose reify failed optional dependency C:\laragon\www\KPRI-GRAFIKA\node_modules\@rollup\rollup-freebsd-x64
80 silly reify mark deleted [
80 silly reify   'C:\\laragon\\www\\KPRI-GRAFIKA\\node_modules\\@rollup\\rollup-freebsd-x64'
80 silly reify ]
81 verbose reify failed optional dependency C:\laragon\www\KPRI-GRAFIKA\node_modules\@rollup\rollup-freebsd-arm64
82 silly reify mark deleted [
82 silly reify   'C:\\laragon\\www\\KPRI-GRAFIKA\\node_modules\\@rollup\\rollup-freebsd-arm64'
82 silly reify ]
83 verbose reify failed optional dependency C:\laragon\www\KPRI-GRAFIKA\node_modules\@rollup\rollup-darwin-x64
84 silly reify mark deleted [
84 silly reify   'C:\\laragon\\www\\KPRI-GRAFIKA\\node_modules\\@rollup\\rollup-darwin-x64'
84 silly reify ]
85 verbose reify failed optional dependency C:\laragon\www\KPRI-GRAFIKA\node_modules\@rollup\rollup-darwin-arm64
86 silly reify mark deleted [
86 silly reify   'C:\\laragon\\www\\KPRI-GRAFIKA\\node_modules\\@rollup\\rollup-darwin-arm64'
86 silly reify ]
87 verbose reify failed optional dependency C:\laragon\www\KPRI-GRAFIKA\node_modules\@rollup\rollup-android-arm64
88 silly reify mark deleted [
88 silly reify   'C:\\laragon\\www\\KPRI-GRAFIKA\\node_modules\\@rollup\\rollup-android-arm64'
88 silly reify ]
89 verbose reify failed optional dependency C:\laragon\www\KPRI-GRAFIKA\node_modules\@rollup\rollup-android-arm-eabi
90 silly reify mark deleted [
90 silly reify   'C:\\laragon\\www\\KPRI-GRAFIKA\\node_modules\\@rollup\\rollup-android-arm-eabi'
90 silly reify ]
91 verbose reify failed optional dependency C:\laragon\www\KPRI-GRAFIKA\node_modules\@esbuild\win32-ia32
92 silly reify mark deleted [
92 silly reify   'C:\\laragon\\www\\KPRI-GRAFIKA\\node_modules\\@esbuild\\win32-ia32'
92 silly reify ]
93 verbose reify failed optional dependency C:\laragon\www\KPRI-GRAFIKA\node_modules\@esbuild\win32-arm64
94 silly reify mark deleted [
94 silly reify   'C:\\laragon\\www\\KPRI-GRAFIKA\\node_modules\\@esbuild\\win32-arm64'
94 silly reify ]
95 verbose reify failed optional dependency C:\laragon\www\KPRI-GRAFIKA\node_modules\@esbuild\sunos-x64
96 silly reify mark deleted [ 'C:\\laragon\\www\\KPRI-GRAFIKA\\node_modules\\@esbuild\\sunos-x64' ]
97 verbose reify failed optional dependency C:\laragon\www\KPRI-GRAFIKA\node_modules\@esbuild\openbsd-x64
98 silly reify mark deleted [
98 silly reify   'C:\\laragon\\www\\KPRI-GRAFIKA\\node_modules\\@esbuild\\openbsd-x64'
98 silly reify ]
99 verbose reify failed optional dependency C:\laragon\www\KPRI-GRAFIKA\node_modules\@esbuild\openbsd-arm64
100 silly reify mark deleted [
100 silly reify   'C:\\laragon\\www\\KPRI-GRAFIKA\\node_modules\\@esbuild\\openbsd-arm64'
100 silly reify ]
101 verbose reify failed optional dependency C:\laragon\www\KPRI-GRAFIKA\node_modules\@esbuild\netbsd-x64
102 silly reify mark deleted [
102 silly reify   'C:\\laragon\\www\\KPRI-GRAFIKA\\node_modules\\@esbuild\\netbsd-x64'
102 silly reify ]
103 verbose reify failed optional dependency C:\laragon\www\KPRI-GRAFIKA\node_modules\@esbuild\netbsd-arm64
104 silly reify mark deleted [
104 silly reify   'C:\\laragon\\www\\KPRI-GRAFIKA\\node_modules\\@esbuild\\netbsd-arm64'
104 silly reify ]
105 verbose reify failed optional dependency C:\laragon\www\KPRI-GRAFIKA\node_modules\@esbuild\linux-x64
106 silly reify mark deleted [ 'C:\\laragon\\www\\KPRI-GRAFIKA\\node_modules\\@esbuild\\linux-x64' ]
107 verbose reify failed optional dependency C:\laragon\www\KPRI-GRAFIKA\node_modules\@esbuild\linux-s390x
108 silly reify mark deleted [
108 silly reify   'C:\\laragon\\www\\KPRI-GRAFIKA\\node_modules\\@esbuild\\linux-s390x'
108 silly reify ]
109 verbose reify failed optional dependency C:\laragon\www\KPRI-GRAFIKA\node_modules\@esbuild\linux-riscv64
110 silly reify mark deleted [
110 silly reify   'C:\\laragon\\www\\KPRI-GRAFIKA\\node_modules\\@esbuild\\linux-riscv64'
110 silly reify ]
111 verbose reify failed optional dependency C:\laragon\www\KPRI-GRAFIKA\node_modules\@esbuild\linux-ppc64
112 silly reify mark deleted [
112 silly reify   'C:\\laragon\\www\\KPRI-GRAFIKA\\node_modules\\@esbuild\\linux-ppc64'
112 silly reify ]
113 verbose reify failed optional dependency C:\laragon\www\KPRI-GRAFIKA\node_modules\@esbuild\linux-mips64el
114 silly reify mark deleted [
114 silly reify   'C:\\laragon\\www\\KPRI-GRAFIKA\\node_modules\\@esbuild\\linux-mips64el'
114 silly reify ]
115 verbose reify failed optional dependency C:\laragon\www\KPRI-GRAFIKA\node_modules\@esbuild\linux-loong64
116 silly reify mark deleted [
116 silly reify   'C:\\laragon\\www\\KPRI-GRAFIKA\\node_modules\\@esbuild\\linux-loong64'
116 silly reify ]
117 verbose reify failed optional dependency C:\laragon\www\KPRI-GRAFIKA\node_modules\@esbuild\linux-ia32
118 silly reify mark deleted [
118 silly reify   'C:\\laragon\\www\\KPRI-GRAFIKA\\node_modules\\@esbuild\\linux-ia32'
118 silly reify ]
119 verbose reify failed optional dependency C:\laragon\www\KPRI-GRAFIKA\node_modules\@esbuild\linux-arm64
120 silly reify mark deleted [
120 silly reify   'C:\\laragon\\www\\KPRI-GRAFIKA\\node_modules\\@esbuild\\linux-arm64'
120 silly reify ]
121 verbose reify failed optional dependency C:\laragon\www\KPRI-GRAFIKA\node_modules\@esbuild\linux-arm
122 silly reify mark deleted [ 'C:\\laragon\\www\\KPRI-GRAFIKA\\node_modules\\@esbuild\\linux-arm' ]
123 verbose reify failed optional dependency C:\laragon\www\KPRI-GRAFIKA\node_modules\@esbuild\freebsd-x64
124 silly reify mark deleted [
124 silly reify   'C:\\laragon\\www\\KPRI-GRAFIKA\\node_modules\\@esbuild\\freebsd-x64'
124 silly reify ]
125 verbose reify failed optional dependency C:\laragon\www\KPRI-GRAFIKA\node_modules\@esbuild\freebsd-arm64
126 silly reify mark deleted [
126 silly reify   'C:\\laragon\\www\\KPRI-GRAFIKA\\node_modules\\@esbuild\\freebsd-arm64'
126 silly reify ]
127 verbose reify failed optional dependency C:\laragon\www\KPRI-GRAFIKA\node_modules\@esbuild\darwin-x64
128 silly reify mark deleted [
128 silly reify   'C:\\laragon\\www\\KPRI-GRAFIKA\\node_modules\\@esbuild\\darwin-x64'
128 silly reify ]
129 verbose reify failed optional dependency C:\laragon\www\KPRI-GRAFIKA\node_modules\@esbuild\darwin-arm64
130 silly reify mark deleted [
130 silly reify   'C:\\laragon\\www\\KPRI-GRAFIKA\\node_modules\\@esbuild\\darwin-arm64'
130 silly reify ]
131 verbose reify failed optional dependency C:\laragon\www\KPRI-GRAFIKA\node_modules\@esbuild\android-x64
132 silly reify mark deleted [
132 silly reify   'C:\\laragon\\www\\KPRI-GRAFIKA\\node_modules\\@esbuild\\android-x64'
132 silly reify ]
133 verbose reify failed optional dependency C:\laragon\www\KPRI-GRAFIKA\node_modules\@esbuild\android-arm64
134 silly reify mark deleted [
134 silly reify   'C:\\laragon\\www\\KPRI-GRAFIKA\\node_modules\\@esbuild\\android-arm64'
134 silly reify ]
135 verbose reify failed optional dependency C:\laragon\www\KPRI-GRAFIKA\node_modules\@esbuild\android-arm
136 silly reify mark deleted [
136 silly reify   'C:\\laragon\\www\\KPRI-GRAFIKA\\node_modules\\@esbuild\\android-arm'
136 silly reify ]
137 verbose reify failed optional dependency C:\laragon\www\KPRI-GRAFIKA\node_modules\@esbuild\aix-ppc64
138 silly reify mark deleted [ 'C:\\laragon\\www\\KPRI-GRAFIKA\\node_modules\\@esbuild\\aix-ppc64' ]
139 silly tarball no local data for yargs-parser@https://registry.npmjs.org/yargs-parser/-/yargs-parser-21.1.1.tgz. Extracting by manifest.
140 silly tarball no local data for yargs@https://registry.npmjs.org/yargs/-/yargs-17.7.2.tgz. Extracting by manifest.
141 silly tarball no local data for y18n@https://registry.npmjs.org/y18n/-/y18n-5.0.8.tgz. Extracting by manifest.
142 silly tarball no local data for yaml@https://registry.npmjs.org/yaml/-/yaml-2.7.0.tgz. Extracting by manifest.
143 silly tarball no local data for wrap-ansi@https://registry.npmjs.org/wrap-ansi/-/wrap-ansi-8.1.0.tgz. Extracting by manifest.
144 silly tarball no local data for wrap-ansi-cjs@https://registry.npmjs.org/wrap-ansi/-/wrap-ansi-7.0.0.tgz. Extracting by manifest.
145 silly tarball no local data for which@https://registry.npmjs.org/which/-/which-2.0.2.tgz. Extracting by manifest.
146 silly tarball no local data for vite@https://registry.npmjs.org/vite/-/vite-6.0.11.tgz. Extracting by manifest.
147 silly tarball no local data for util-deprecate@https://registry.npmjs.org/util-deprecate/-/util-deprecate-1.0.2.tgz. Extracting by manifest.
148 silly tarball no local data for vite-plugin-full-reload@https://registry.npmjs.org/vite-plugin-full-reload/-/vite-plugin-full-reload-1.2.0.tgz. Extracting by manifest.
149 silly tarball no local data for update-browserslist-db@https://registry.npmjs.org/update-browserslist-db/-/update-browserslist-db-1.1.2.tgz. Extracting by manifest.
150 silly tarball no local data for tslib@https://registry.npmjs.org/tslib/-/tslib-2.8.1.tgz. Extracting by manifest.
151 silly tarball no local data for ts-interface-checker@https://registry.npmjs.org/ts-interface-checker/-/ts-interface-checker-0.1.13.tgz. Extracting by manifest.
152 silly tarball no local data for tree-kill@https://registry.npmjs.org/tree-kill/-/tree-kill-1.2.2.tgz. Extracting by manifest.
153 silly tarball no local data for to-regex-range@https://registry.npmjs.org/to-regex-range/-/to-regex-range-5.0.1.tgz. Extracting by manifest.
154 silly tarball no local data for thenify-all@https://registry.npmjs.org/thenify-all/-/thenify-all-1.6.0.tgz. Extracting by manifest.
155 silly tarball no local data for thenify@https://registry.npmjs.org/thenify/-/thenify-3.3.1.tgz. Extracting by manifest.
156 silly tarball no local data for tailwindcss@https://registry.npmjs.org/tailwindcss/-/tailwindcss-3.4.17.tgz. Extracting by manifest.
157 silly tarball no local data for tapable@https://registry.npmjs.org/tapable/-/tapable-2.2.1.tgz. Extracting by manifest.
158 silly tarball no local data for supports-preserve-symlinks-flag@https://registry.npmjs.org/supports-preserve-symlinks-flag/-/supports-preserve-symlinks-flag-1.0.0.tgz. Extracting by manifest.
159 silly tarball no local data for supports-color@https://registry.npmjs.org/supports-color/-/supports-color-8.1.1.tgz. Extracting by manifest.
160 silly tarball no local data for sucrase@https://registry.npmjs.org/sucrase/-/sucrase-3.35.0.tgz. Extracting by manifest.
161 silly tarball no local data for strip-ansi-cjs@https://registry.npmjs.org/strip-ansi/-/strip-ansi-6.0.1.tgz. Extracting by manifest.
162 silly tarball no local data for strip-ansi@https://registry.npmjs.org/strip-ansi/-/strip-ansi-7.1.0.tgz. Extracting by manifest.
163 silly tarball no local data for string-width-cjs@https://registry.npmjs.org/string-width/-/string-width-4.2.3.tgz. Extracting by manifest.
164 silly tarball no local data for string-width@https://registry.npmjs.org/string-width/-/string-width-5.1.2.tgz. Extracting by manifest.
165 silly tarball no local data for source-map-js@https://registry.npmjs.org/source-map-js/-/source-map-js-1.2.1.tgz. Extracting by manifest.
166 silly tarball no local data for simple-datatables@https://registry.npmjs.org/simple-datatables/-/simple-datatables-9.2.2.tgz. Extracting by manifest.
167 silly tarball no local data for signal-exit@https://registry.npmjs.org/signal-exit/-/signal-exit-4.1.0.tgz. Extracting by manifest.
168 silly tarball no local data for shebang-command@https://registry.npmjs.org/shebang-command/-/shebang-command-2.0.0.tgz. Extracting by manifest.
169 silly tarball no local data for shell-quote@https://registry.npmjs.org/shell-quote/-/shell-quote-1.8.2.tgz. Extracting by manifest.
170 silly tarball no local data for shebang-regex@https://registry.npmjs.org/shebang-regex/-/shebang-regex-3.0.0.tgz. Extracting by manifest.
171 silly tarball no local data for rxjs@https://registry.npmjs.org/rxjs/-/rxjs-7.8.1.tgz. Extracting by manifest.
172 silly tarball no local data for rollup@https://registry.npmjs.org/rollup/-/rollup-4.32.1.tgz. Extracting by manifest.
173 silly tarball no local data for run-parallel@https://registry.npmjs.org/run-parallel/-/run-parallel-1.2.0.tgz. Extracting by manifest.
174 silly tarball no local data for reusify@https://registry.npmjs.org/reusify/-/reusify-1.0.4.tgz. Extracting by manifest.
175 silly tarball no local data for resolve@https://registry.npmjs.org/resolve/-/resolve-1.22.10.tgz. Extracting by manifest.
176 silly tarball no local data for require-directory@https://registry.npmjs.org/require-directory/-/require-directory-2.1.1.tgz. Extracting by manifest.
177 silly tarball no local data for readdirp@https://registry.npmjs.org/readdirp/-/readdirp-3.6.0.tgz. Extracting by manifest.
178 silly tarball no local data for read-cache@https://registry.npmjs.org/read-cache/-/read-cache-1.0.0.tgz. Extracting by manifest.
179 silly tarball no local data for queue-microtask@https://registry.npmjs.org/queue-microtask/-/queue-microtask-1.2.3.tgz. Extracting by manifest.
180 silly tarball no local data for proxy-from-env@https://registry.npmjs.org/proxy-from-env/-/proxy-from-env-1.1.0.tgz. Extracting by manifest.
181 silly tarball no local data for postcss-nested@https://registry.npmjs.org/postcss-nested/-/postcss-nested-6.2.0.tgz. Extracting by manifest.
182 silly tarball no local data for postcss-selector-parser@https://registry.npmjs.org/postcss-selector-parser/-/postcss-selector-parser-6.1.2.tgz. Extracting by manifest.
183 silly tarball no local data for postcss-load-config@https://registry.npmjs.org/postcss-load-config/-/postcss-load-config-4.0.2.tgz. Extracting by manifest.
184 silly tarball no local data for postcss-import@https://registry.npmjs.org/postcss-import/-/postcss-import-15.1.0.tgz. Extracting by manifest.
185 silly tarball no local data for postcss-js@https://registry.npmjs.org/postcss-js/-/postcss-js-4.0.1.tgz. Extracting by manifest.
186 silly tarball no local data for postcss@https://registry.npmjs.org/postcss/-/postcss-8.5.1.tgz. Extracting by manifest.
187 silly tarball no local data for pirates@https://registry.npmjs.org/pirates/-/pirates-4.0.6.tgz. Extracting by manifest.
188 silly tarball no local data for pify@https://registry.npmjs.org/pify/-/pify-2.3.0.tgz. Extracting by manifest.
189 silly tarball no local data for picocolors@https://registry.npmjs.org/picocolors/-/picocolors-1.1.1.tgz. Extracting by manifest.
190 silly tarball no local data for path-scurry@https://registry.npmjs.org/path-scurry/-/path-scurry-1.11.1.tgz. Extracting by manifest.
191 silly tarball no local data for picomatch@https://registry.npmjs.org/picomatch/-/picomatch-2.3.1.tgz. Extracting by manifest.
192 silly tarball no local data for path-parse@https://registry.npmjs.org/path-parse/-/path-parse-1.0.7.tgz. Extracting by manifest.
193 silly tarball no local data for path-key@https://registry.npmjs.org/path-key/-/path-key-3.1.1.tgz. Extracting by manifest.
194 silly tarball no local data for package-json-from-dist@https://registry.npmjs.org/package-json-from-dist/-/package-json-from-dist-1.0.1.tgz. Extracting by manifest.
195 silly tarball no local data for object-hash@https://registry.npmjs.org/object-hash/-/object-hash-3.0.0.tgz. Extracting by manifest.
196 silly tarball no local data for object-assign@https://registry.npmjs.org/object-assign/-/object-assign-4.1.1.tgz. Extracting by manifest.
197 silly tarball no local data for normalize-range@https://registry.npmjs.org/normalize-range/-/normalize-range-0.1.2.tgz. Extracting by manifest.
198 silly tarball no local data for node-releases@https://registry.npmjs.org/node-releases/-/node-releases-2.0.19.tgz. Extracting by manifest.
199 silly tarball no local data for normalize-path@https://registry.npmjs.org/normalize-path/-/normalize-path-3.0.0.tgz. Extracting by manifest.
200 silly tarball no local data for mz@https://registry.npmjs.org/mz/-/mz-2.7.0.tgz. Extracting by manifest.
201 silly tarball no local data for minipass@https://registry.npmjs.org/minipass/-/minipass-7.1.2.tgz. Extracting by manifest.
202 silly tarball no local data for nanoid@https://registry.npmjs.org/nanoid/-/nanoid-3.3.8.tgz. Extracting by manifest.
203 silly tarball no local data for minimatch@https://registry.npmjs.org/minimatch/-/minimatch-9.0.5.tgz. Extracting by manifest.
204 silly tarball no local data for micromatch@https://registry.npmjs.org/micromatch/-/micromatch-4.0.8.tgz. Extracting by manifest.
205 silly tarball no local data for mime-db@https://registry.npmjs.org/mime-db/-/mime-db-1.52.0.tgz. Extracting by manifest.
206 silly tarball no local data for mime-types@https://registry.npmjs.org/mime-types/-/mime-types-2.1.35.tgz. Extracting by manifest.
207 silly tarball no local data for lru-cache@https://registry.npmjs.org/lru-cache/-/lru-cache-10.4.3.tgz. Extracting by manifest.
208 silly tarball no local data for merge2@https://registry.npmjs.org/merge2/-/merge2-1.4.1.tgz. Extracting by manifest.
209 silly tarball no local data for lodash@https://registry.npmjs.org/lodash/-/lodash-4.17.21.tgz. Extracting by manifest.
210 silly tarball no local data for postcss-value-parser@https://registry.npmjs.org/postcss-value-parser/-/postcss-value-parser-4.2.0.tgz. Extracting by manifest.
211 silly tarball no local data for lilconfig@https://registry.npmjs.org/lilconfig/-/lilconfig-3.1.3.tgz. Extracting by manifest.
212 silly tarball no local data for lightningcss-win32-x64-msvc@https://registry.npmjs.org/lightningcss-win32-x64-msvc/-/lightningcss-win32-x64-msvc-1.29.1.tgz. Extracting by manifest.
213 silly tarball no local data for lightningcss@https://registry.npmjs.org/lightningcss/-/lightningcss-1.29.1.tgz. Extracting by manifest.
214 silly tarball no local data for laravel-vite-plugin@https://registry.npmjs.org/laravel-vite-plugin/-/laravel-vite-plugin-1.2.0.tgz. Extracting by manifest.
215 silly tarball no local data for jiti@https://registry.npmjs.org/jiti/-/jiti-2.4.2.tgz. Extracting by manifest.
216 silly tarball no local data for isexe@https://registry.npmjs.org/isexe/-/isexe-2.0.0.tgz. Extracting by manifest.
217 silly tarball no local data for is-number@https://registry.npmjs.org/is-number/-/is-number-7.0.0.tgz. Extracting by manifest.
218 silly tarball no local data for is-glob@https://registry.npmjs.org/is-glob/-/is-glob-4.0.3.tgz. Extracting by manifest.
219 silly tarball no local data for jackspeak@https://registry.npmjs.org/jackspeak/-/jackspeak-3.4.3.tgz. Extracting by manifest.
220 silly tarball no local data for is-fullwidth-code-point@https://registry.npmjs.org/is-fullwidth-code-point/-/is-fullwidth-code-point-3.0.0.tgz. Extracting by manifest.
221 silly tarball no local data for is-extglob@https://registry.npmjs.org/is-extglob/-/is-extglob-2.1.1.tgz. Extracting by manifest.
222 silly tarball no local data for is-binary-path@https://registry.npmjs.org/is-binary-path/-/is-binary-path-2.1.0.tgz. Extracting by manifest.
223 silly tarball no local data for is-core-module@https://registry.npmjs.org/is-core-module/-/is-core-module-2.16.1.tgz. Extracting by manifest.
224 silly tarball no local data for hasown@https://registry.npmjs.org/hasown/-/hasown-2.0.2.tgz. Extracting by manifest.
225 silly tarball no local data for glob-parent@https://registry.npmjs.org/glob-parent/-/glob-parent-6.0.2.tgz. Extracting by manifest.
226 silly tarball no local data for graceful-fs@https://registry.npmjs.org/graceful-fs/-/graceful-fs-4.2.11.tgz. Extracting by manifest.
227 silly tarball no local data for has-flag@https://registry.npmjs.org/has-flag/-/has-flag-4.0.0.tgz. Extracting by manifest.
228 silly tarball no local data for glob@https://registry.npmjs.org/glob/-/glob-10.4.5.tgz. Extracting by manifest.
229 silly tarball no local data for get-caller-file@https://registry.npmjs.org/get-caller-file/-/get-caller-file-2.0.5.tgz. Extracting by manifest.
230 silly tarball no local data for function-bind@https://registry.npmjs.org/function-bind/-/function-bind-1.1.2.tgz. Extracting by manifest.
231 silly tarball no local data for form-data@https://registry.npmjs.org/form-data/-/form-data-4.0.1.tgz. Extracting by manifest.
232 silly tarball no local data for fraction.js@https://registry.npmjs.org/fraction.js/-/fraction.js-4.3.7.tgz. Extracting by manifest.
233 silly tarball no local data for foreground-child@https://registry.npmjs.org/foreground-child/-/foreground-child-3.3.0.tgz. Extracting by manifest.
234 silly tarball no local data for follow-redirects@https://registry.npmjs.org/follow-redirects/-/follow-redirects-1.15.9.tgz. Extracting by manifest.
235 silly tarball no local data for fill-range@https://registry.npmjs.org/fill-range/-/fill-range-7.1.1.tgz. Extracting by manifest.
236 silly tarball no local data for fast-glob@https://registry.npmjs.org/fast-glob/-/fast-glob-3.3.3.tgz. Extracting by manifest.
237 silly tarball no local data for fastq@https://registry.npmjs.org/fastq/-/fastq-1.18.0.tgz. Extracting by manifest.
238 silly tarball no local data for escalade@https://registry.npmjs.org/escalade/-/escalade-3.2.0.tgz. Extracting by manifest.
239 silly tarball no local data for lines-and-columns@https://registry.npmjs.org/lines-and-columns/-/lines-and-columns-1.2.4.tgz. Extracting by manifest.
240 silly tarball no local data for esbuild@https://registry.npmjs.org/esbuild/-/esbuild-0.24.2.tgz. Extracting by manifest.
241 silly tarball no local data for enhanced-resolve@https://registry.npmjs.org/enhanced-resolve/-/enhanced-resolve-5.18.0.tgz. Extracting by manifest.
242 silly tarball no local data for emoji-regex@https://registry.npmjs.org/emoji-regex/-/emoji-regex-9.2.2.tgz. Extracting by manifest.
243 silly tarball no local data for eastasianwidth@https://registry.npmjs.org/eastasianwidth/-/eastasianwidth-0.2.0.tgz. Extracting by manifest.
244 silly tarball no local data for diff-dom@https://registry.npmjs.org/diff-dom/-/diff-dom-5.1.4.tgz. Extracting by manifest.
245 silly tarball no local data for electron-to-chromium@https://registry.npmjs.org/electron-to-chromium/-/electron-to-chromium-1.5.88.tgz. Extracting by manifest.
246 silly tarball no local data for didyoumean@https://registry.npmjs.org/didyoumean/-/didyoumean-1.2.2.tgz. Extracting by manifest.
247 silly tarball no local data for delayed-stream@https://registry.npmjs.org/delayed-stream/-/delayed-stream-1.0.0.tgz. Extracting by manifest.
248 silly tarball no local data for dlv@https://registry.npmjs.org/dlv/-/dlv-1.1.3.tgz. Extracting by manifest.
249 silly tarball no local data for cssesc@https://registry.npmjs.org/cssesc/-/cssesc-3.0.0.tgz. Extracting by manifest.
250 silly tarball no local data for detect-libc@https://registry.npmjs.org/detect-libc/-/detect-libc-1.0.3.tgz. Extracting by manifest.
251 silly tarball no local data for dayjs@https://registry.npmjs.org/dayjs/-/dayjs-1.11.13.tgz. Extracting by manifest.
252 silly tarball no local data for cross-spawn@https://registry.npmjs.org/cross-spawn/-/cross-spawn-7.0.6.tgz. Extracting by manifest.
253 silly tarball no local data for commander@https://registry.npmjs.org/commander/-/commander-4.1.1.tgz. Extracting by manifest.
254 silly tarball no local data for concurrently@https://registry.npmjs.org/concurrently/-/concurrently-9.1.2.tgz. Extracting by manifest.
255 silly tarball no local data for combined-stream@https://registry.npmjs.org/combined-stream/-/combined-stream-1.0.8.tgz. Extracting by manifest.
256 silly tarball no local data for color-name@https://registry.npmjs.org/color-name/-/color-name-1.1.4.tgz. Extracting by manifest.
257 silly tarball no local data for color-convert@https://registry.npmjs.org/color-convert/-/color-convert-2.0.1.tgz. Extracting by manifest.
258 silly tarball no local data for chokidar@https://registry.npmjs.org/chokidar/-/chokidar-3.6.0.tgz. Extracting by manifest.
259 silly tarball no local data for cliui@https://registry.npmjs.org/cliui/-/cliui-8.0.1.tgz. Extracting by manifest.
260 silly tarball no local data for camelcase-css@https://registry.npmjs.org/camelcase-css/-/camelcase-css-2.0.1.tgz. Extracting by manifest.
261 silly tarball no local data for caniuse-lite@https://registry.npmjs.org/caniuse-lite/-/caniuse-lite-1.0.30001695.tgz. Extracting by manifest.
262 silly tarball no local data for chalk@https://registry.npmjs.org/chalk/-/chalk-4.1.2.tgz. Extracting by manifest.
263 silly tarball no local data for browserslist@https://registry.npmjs.org/browserslist/-/browserslist-4.24.4.tgz. Extracting by manifest.
264 silly tarball no local data for brace-expansion@https://registry.npmjs.org/brace-expansion/-/brace-expansion-2.0.1.tgz. Extracting by manifest.
265 silly tarball no local data for braces@https://registry.npmjs.org/braces/-/braces-3.0.3.tgz. Extracting by manifest.
266 silly tarball no local data for binary-extensions@https://registry.npmjs.org/binary-extensions/-/binary-extensions-2.3.0.tgz. Extracting by manifest.
267 silly tarball no local data for autoprefixer@https://registry.npmjs.org/autoprefixer/-/autoprefixer-10.4.20.tgz. Extracting by manifest.
268 silly tarball no local data for asynckit@https://registry.npmjs.org/asynckit/-/asynckit-0.4.0.tgz. Extracting by manifest.
269 silly tarball no local data for axios@https://registry.npmjs.org/axios/-/axios-1.7.9.tgz. Extracting by manifest.
270 silly tarball no local data for balanced-match@https://registry.npmjs.org/balanced-match/-/balanced-match-1.0.2.tgz. Extracting by manifest.
271 silly tarball no local data for arg@https://registry.npmjs.org/arg/-/arg-5.0.2.tgz. Extracting by manifest.
272 silly tarball no local data for anymatch@https://registry.npmjs.org/anymatch/-/anymatch-3.1.3.tgz. Extracting by manifest.
273 silly tarball no local data for any-promise@https://registry.npmjs.org/any-promise/-/any-promise-1.3.0.tgz. Extracting by manifest.
274 silly tarball no local data for ansi-regex@https://registry.npmjs.org/ansi-regex/-/ansi-regex-6.1.0.tgz. Extracting by manifest.
275 silly tarball no local data for @tailwindcss/oxide@https://registry.npmjs.org/@tailwindcss/oxide/-/oxide-4.0.0.tgz. Extracting by manifest.
276 silly tarball no local data for @tailwindcss/vite@https://registry.npmjs.org/@tailwindcss/vite/-/vite-4.0.0.tgz. Extracting by manifest.
277 silly tarball no local data for @tailwindcss/node@https://registry.npmjs.org/@tailwindcss/node/-/node-4.0.0.tgz. Extracting by manifest.
278 silly tarball no local data for @types/estree@https://registry.npmjs.org/@types/estree/-/estree-1.0.6.tgz. Extracting by manifest.
279 silly tarball no local data for @rollup/rollup-win32-x64-msvc@https://registry.npmjs.org/@rollup/rollup-win32-x64-msvc/-/rollup-win32-x64-msvc-4.32.1.tgz. Extracting by manifest.
280 silly tarball no local data for ansi-styles@https://registry.npmjs.org/ansi-styles/-/ansi-styles-4.3.0.tgz. Extracting by manifest.
281 silly tarball no local data for @pkgjs/parseargs@https://registry.npmjs.org/@pkgjs/parseargs/-/parseargs-0.11.0.tgz. Extracting by manifest.
282 silly tarball no local data for @nodelib/fs.stat@https://registry.npmjs.org/@nodelib/fs.stat/-/fs.stat-2.0.5.tgz. Extracting by manifest.
283 silly tarball no local data for @nodelib/fs.walk@https://registry.npmjs.org/@nodelib/fs.walk/-/fs.walk-1.2.8.tgz. Extracting by manifest.
284 silly tarball no local data for @nodelib/fs.scandir@https://registry.npmjs.org/@nodelib/fs.scandir/-/fs.scandir-2.1.5.tgz. Extracting by manifest.
285 silly tarball no local data for @jridgewell/set-array@https://registry.npmjs.org/@jridgewell/set-array/-/set-array-1.2.1.tgz. Extracting by manifest.
286 silly tarball no local data for @jridgewell/sourcemap-codec@https://registry.npmjs.org/@jridgewell/sourcemap-codec/-/sourcemap-codec-1.5.0.tgz. Extracting by manifest.
287 silly tarball no local data for @jridgewell/trace-mapping@https://registry.npmjs.org/@jridgewell/trace-mapping/-/trace-mapping-0.3.25.tgz. Extracting by manifest.
288 silly tarball no local data for @isaacs/cliui@https://registry.npmjs.org/@isaacs/cliui/-/cliui-8.0.2.tgz. Extracting by manifest.
289 silly tarball no local data for @jridgewell/gen-mapping@https://registry.npmjs.org/@jridgewell/gen-mapping/-/gen-mapping-0.3.8.tgz. Extracting by manifest.
290 silly tarball no local data for @esbuild/win32-x64@https://registry.npmjs.org/@esbuild/win32-x64/-/win32-x64-0.24.2.tgz. Extracting by manifest.
291 silly tarball no local data for @alloc/quick-lru@https://registry.npmjs.org/@alloc/quick-lru/-/quick-lru-5.2.0.tgz. Extracting by manifest.
292 silly tarball no local data for @tailwindcss/oxide-win32-x64-msvc@https://registry.npmjs.org/@tailwindcss/oxide-win32-x64-msvc/-/oxide-win32-x64-msvc-4.0.0.tgz. Extracting by manifest.
293 silly tarball no local data for strip-ansi@https://registry.npmjs.org/strip-ansi/-/strip-ansi-6.0.1.tgz. Extracting by manifest.
294 silly tarball no local data for @jridgewell/resolve-uri@https://registry.npmjs.org/@jridgewell/resolve-uri/-/resolve-uri-3.1.2.tgz. Extracting by manifest.
295 silly tarball no local data for emoji-regex@https://registry.npmjs.org/emoji-regex/-/emoji-regex-8.0.0.tgz. Extracting by manifest.
296 silly tarball no local data for string-width@https://registry.npmjs.org/string-width/-/string-width-4.2.3.tgz. Extracting by manifest.
297 silly tarball no local data for ansi-regex@https://registry.npmjs.org/ansi-regex/-/ansi-regex-5.0.1.tgz. Extracting by manifest.
298 silly tarball no local data for strip-ansi@https://registry.npmjs.org/strip-ansi/-/strip-ansi-6.0.1.tgz. Extracting by manifest.
299 silly tarball no local data for emoji-regex@https://registry.npmjs.org/emoji-regex/-/emoji-regex-8.0.0.tgz. Extracting by manifest.
300 silly tarball no local data for ansi-regex@https://registry.npmjs.org/ansi-regex/-/ansi-regex-5.0.1.tgz. Extracting by manifest.
301 silly tarball no local data for ansi-styles@https://registry.npmjs.org/ansi-styles/-/ansi-styles-6.2.1.tgz. Extracting by manifest.
302 silly tarball no local data for jiti@https://registry.npmjs.org/jiti/-/jiti-1.21.7.tgz. Extracting by manifest.
303 silly tarball no local data for string-width@https://registry.npmjs.org/string-width/-/string-width-4.2.3.tgz. Extracting by manifest.
304 silly tarball no local data for ansi-regex@https://registry.npmjs.org/ansi-regex/-/ansi-regex-5.0.1.tgz. Extracting by manifest.
305 silly tarball no local data for strip-ansi@https://registry.npmjs.org/strip-ansi/-/strip-ansi-6.0.1.tgz. Extracting by manifest.
306 silly tarball no local data for emoji-regex@https://registry.npmjs.org/emoji-regex/-/emoji-regex-8.0.0.tgz. Extracting by manifest.
307 silly tarball no local data for ansi-regex@https://registry.npmjs.org/ansi-regex/-/ansi-regex-5.0.1.tgz. Extracting by manifest.
308 silly tarball no local data for glob-parent@https://registry.npmjs.org/glob-parent/-/glob-parent-5.1.2.tgz. Extracting by manifest.
309 silly tarball no local data for strip-ansi@https://registry.npmjs.org/strip-ansi/-/strip-ansi-6.0.1.tgz. Extracting by manifest.
310 silly tarball no local data for wrap-ansi@https://registry.npmjs.org/wrap-ansi/-/wrap-ansi-7.0.0.tgz. Extracting by manifest.
311 silly tarball no local data for emoji-regex@https://registry.npmjs.org/emoji-regex/-/emoji-regex-8.0.0.tgz. Extracting by manifest.
312 silly tarball no local data for string-width@https://registry.npmjs.org/string-width/-/string-width-4.2.3.tgz. Extracting by manifest.
313 silly tarball no local data for ansi-regex@https://registry.npmjs.org/ansi-regex/-/ansi-regex-5.0.1.tgz. Extracting by manifest.
314 silly tarball no local data for tailwindcss@https://registry.npmjs.org/tailwindcss/-/tailwindcss-4.0.0.tgz. Extracting by manifest.
315 silly tarball no local data for tailwindcss@https://registry.npmjs.org/tailwindcss/-/tailwindcss-4.0.0.tgz. Extracting by manifest.
316 silly tarball no local data for glob-parent@https://registry.npmjs.org/glob-parent/-/glob-parent-5.1.2.tgz. Extracting by manifest.
317 silly tarball no local data for supports-color@https://registry.npmjs.org/supports-color/-/supports-color-7.2.0.tgz. Extracting by manifest.
318 http fetch GET 200 https://registry.npmjs.org/which/-/which-2.0.2.tgz 1656ms (cache miss)
319 http fetch GET 200 https://registry.npmjs.org/wrap-ansi/-/wrap-ansi-7.0.0.tgz 1666ms (cache miss)
320 http fetch GET 200 https://registry.npmjs.org/util-deprecate/-/util-deprecate-1.0.2.tgz 1723ms (cache miss)
321 http fetch GET 200 https://registry.npmjs.org/tree-kill/-/tree-kill-1.2.2.tgz 1720ms (cache miss)
322 http fetch GET 200 https://registry.npmjs.org/update-browserslist-db/-/update-browserslist-db-1.1.2.tgz 1732ms (cache miss)
323 http fetch GET 200 https://registry.npmjs.org/y18n/-/y18n-5.0.8.tgz 1777ms (cache miss)
324 http fetch GET 200 https://registry.npmjs.org/wrap-ansi/-/wrap-ansi-8.1.0.tgz 1773ms (cache miss)
325 http fetch GET 200 https://registry.npmjs.org/tslib/-/tslib-2.8.1.tgz 1847ms (cache miss)
326 http fetch POST 200 https://registry.npmjs.org/-/npm/v1/security/advisories/bulk 2204ms
327 silly audit report {}
328 http fetch GET 200 https://registry.npmjs.org/yargs-parser/-/yargs-parser-21.1.1.tgz 1936ms (cache miss)
329 http fetch GET 200 https://registry.npmjs.org/vite-plugin-full-reload/-/vite-plugin-full-reload-1.2.0.tgz 2011ms (cache miss)
330 http fetch GET 200 https://registry.npmjs.org/thenify-all/-/thenify-all-1.6.0.tgz 2147ms (cache miss)
331 http fetch GET 200 https://registry.npmjs.org/to-regex-range/-/to-regex-range-5.0.1.tgz 2184ms (cache miss)
332 http fetch GET 200 https://registry.npmjs.org/yargs/-/yargs-17.7.2.tgz 2238ms (cache miss)
333 http fetch GET 200 https://registry.npmjs.org/supports-preserve-symlinks-flag/-/supports-preserve-symlinks-flag-1.0.0.tgz 2294ms (cache miss)
334 http fetch GET 200 https://registry.npmjs.org/supports-color/-/supports-color-8.1.1.tgz 2318ms (cache miss)
335 http fetch GET 200 https://registry.npmjs.org/strip-ansi/-/strip-ansi-7.1.0.tgz 2323ms (cache miss)
336 http fetch GET 200 https://registry.npmjs.org/strip-ansi/-/strip-ansi-6.0.1.tgz 2326ms (cache miss)
337 http fetch GET 200 https://registry.npmjs.org/ts-interface-checker/-/ts-interface-checker-0.1.13.tgz 2433ms (cache miss)
338 http fetch GET 200 https://registry.npmjs.org/tapable/-/tapable-2.2.1.tgz 2694ms (cache miss)
339 http fetch GET 200 https://registry.npmjs.org/string-width/-/string-width-4.2.3.tgz 2868ms (cache miss)
340 http fetch GET 200 https://registry.npmjs.org/string-width/-/string-width-5.1.2.tgz 2951ms (cache miss)
341 http fetch GET 200 https://registry.npmjs.org/shebang-regex/-/shebang-regex-3.0.0.tgz 2971ms (cache miss)
342 http fetch GET 200 https://registry.npmjs.org/shebang-command/-/shebang-command-2.0.0.tgz 2975ms (cache miss)
343 http fetch GET 200 https://registry.npmjs.org/run-parallel/-/run-parallel-1.2.0.tgz 3049ms (cache miss)
344 http fetch GET 200 https://registry.npmjs.org/shell-quote/-/shell-quote-1.8.2.tgz 3248ms (cache miss)
345 http fetch GET 200 https://registry.npmjs.org/source-map-js/-/source-map-js-1.2.1.tgz 3388ms (cache miss)
346 http fetch GET 200 https://registry.npmjs.org/thenify/-/thenify-3.3.1.tgz 3412ms (cache miss)
347 http fetch GET 200 https://registry.npmjs.org/require-directory/-/require-directory-2.1.1.tgz 3429ms (cache miss)
348 http fetch GET 200 https://registry.npmjs.org/postcss-nested/-/postcss-nested-6.2.0.tgz 3472ms (cache miss)
349 http fetch GET 200 https://registry.npmjs.org/signal-exit/-/signal-exit-4.1.0.tgz 3501ms (cache miss)
350 http fetch GET 200 https://registry.npmjs.org/postcss-js/-/postcss-js-4.0.1.tgz 4068ms (cache miss)
351 http fetch GET 200 https://registry.npmjs.org/postcss-load-config/-/postcss-load-config-4.0.2.tgz 4089ms (cache miss)
352 http fetch GET 200 https://registry.npmjs.org/postcss-import/-/postcss-import-15.1.0.tgz 4107ms (cache miss)
353 http fetch GET 200 https://registry.npmjs.org/read-cache/-/read-cache-1.0.0.tgz 4442ms (cache miss)
354 http fetch GET 200 https://registry.npmjs.org/pirates/-/pirates-4.0.6.tgz 4482ms (cache miss)
355 http fetch GET 200 https://registry.npmjs.org/pify/-/pify-2.3.0.tgz 4494ms (cache miss)
356 http fetch GET 200 https://registry.npmjs.org/postcss-selector-parser/-/postcss-selector-parser-6.1.2.tgz 4540ms (cache miss)
357 http fetch GET 200 https://registry.npmjs.org/picocolors/-/picocolors-1.1.1.tgz 4655ms (cache miss)
358 http fetch GET 200 https://registry.npmjs.org/path-scurry/-/path-scurry-1.11.1.tgz 4917ms (cache miss)
359 http fetch GET 200 https://registry.npmjs.org/yaml/-/yaml-2.7.0.tgz 4993ms (cache miss)
360 http fetch GET 200 https://registry.npmjs.org/proxy-from-env/-/proxy-from-env-1.1.0.tgz 4995ms (cache miss)
361 http fetch GET 200 https://registry.npmjs.org/postcss/-/postcss-8.5.1.tgz 5035ms (cache miss)
362 http fetch GET 200 https://registry.npmjs.org/path-parse/-/path-parse-1.0.7.tgz 5218ms (cache miss)
363 http fetch GET 200 https://registry.npmjs.org/path-key/-/path-key-3.1.1.tgz 5609ms (cache miss)
364 http fetch GET 200 https://registry.npmjs.org/reusify/-/reusify-1.0.4.tgz 5845ms (cache miss)
365 http fetch GET 200 https://registry.npmjs.org/object-assign/-/object-assign-4.1.1.tgz 5878ms (cache miss)
366 http fetch GET 200 https://registry.npmjs.org/normalize-range/-/normalize-range-0.1.2.tgz 5878ms (cache miss)
367 http fetch GET 200 https://registry.npmjs.org/queue-microtask/-/queue-microtask-1.2.3.tgz 5902ms (cache miss)
368 http fetch GET 200 https://registry.npmjs.org/node-releases/-/node-releases-2.0.19.tgz 5985ms (cache miss)
369 http fetch GET 200 https://registry.npmjs.org/nanoid/-/nanoid-3.3.8.tgz 5996ms (cache miss)
370 http fetch GET 200 https://registry.npmjs.org/normalize-path/-/normalize-path-3.0.0.tgz 6045ms (cache miss)
371 http fetch GET 200 https://registry.npmjs.org/lilconfig/-/lilconfig-3.1.3.tgz 6040ms (cache miss)
372 http fetch GET 200 https://registry.npmjs.org/micromatch/-/micromatch-4.0.8.tgz 6054ms (cache miss)
373 http fetch GET 200 https://registry.npmjs.org/postcss-value-parser/-/postcss-value-parser-4.2.0.tgz 6046ms (cache miss)
374 http fetch GET 200 https://registry.npmjs.org/object-hash/-/object-hash-3.0.0.tgz 6155ms (cache miss)
375 http fetch GET 200 https://registry.npmjs.org/mime-types/-/mime-types-2.1.35.tgz 6137ms (cache miss)
376 http fetch GET 200 https://registry.npmjs.org/mime-db/-/mime-db-1.52.0.tgz 6179ms (cache miss)
377 http fetch GET 200 https://registry.npmjs.org/package-json-from-dist/-/package-json-from-dist-1.0.1.tgz 6204ms (cache miss)
378 http fetch GET 200 https://registry.npmjs.org/mz/-/mz-2.7.0.tgz 6206ms (cache miss)
379 http fetch GET 200 https://registry.npmjs.org/picomatch/-/picomatch-2.3.1.tgz 6330ms (cache miss)
380 http fetch GET 200 https://registry.npmjs.org/is-glob/-/is-glob-4.0.3.tgz 6390ms (cache miss)
381 http fetch GET 200 https://registry.npmjs.org/laravel-vite-plugin/-/laravel-vite-plugin-1.2.0.tgz 6399ms (cache miss)
382 http fetch GET 200 https://registry.npmjs.org/merge2/-/merge2-1.4.1.tgz 6426ms (cache miss)
383 http fetch GET 200 https://registry.npmjs.org/is-fullwidth-code-point/-/is-fullwidth-code-point-3.0.0.tgz 6408ms (cache miss)
384 http fetch GET 200 https://registry.npmjs.org/is-number/-/is-number-7.0.0.tgz 6443ms (cache miss)
385 http fetch GET 200 https://registry.npmjs.org/rollup/-/rollup-4.32.1.tgz 6588ms (cache miss)
386 http fetch GET 200 https://registry.npmjs.org/minipass/-/minipass-7.1.2.tgz 6559ms (cache miss)
387 http fetch GET 200 https://registry.npmjs.org/lightningcss/-/lightningcss-1.29.1.tgz 6544ms (cache miss)
388 http fetch GET 200 https://registry.npmjs.org/is-extglob/-/is-extglob-2.1.1.tgz 6531ms (cache miss)
389 http fetch GET 200 https://registry.npmjs.org/isexe/-/isexe-2.0.0.tgz 6573ms (cache miss)
390 http fetch GET 200 https://registry.npmjs.org/jackspeak/-/jackspeak-3.4.3.tgz 6739ms (cache miss)
391 http fetch GET 200 https://registry.npmjs.org/sucrase/-/sucrase-3.35.0.tgz 6907ms (cache miss)
392 http fetch GET 200 https://registry.npmjs.org/is-binary-path/-/is-binary-path-2.1.0.tgz 6813ms (cache miss)
393 http fetch GET 200 https://registry.npmjs.org/hasown/-/hasown-2.0.2.tgz 6887ms (cache miss)
394 http fetch GET 200 https://registry.npmjs.org/has-flag/-/has-flag-4.0.0.tgz 6917ms (cache miss)
395 http fetch GET 200 https://registry.npmjs.org/glob-parent/-/glob-parent-6.0.2.tgz 6920ms (cache miss)
396 http fetch GET 200 https://registry.npmjs.org/graceful-fs/-/graceful-fs-4.2.11.tgz 6951ms (cache miss)
397 http fetch GET 200 https://registry.npmjs.org/get-caller-file/-/get-caller-file-2.0.5.tgz 6973ms (cache miss)
398 http fetch GET 200 https://registry.npmjs.org/minimatch/-/minimatch-9.0.5.tgz 7351ms (cache miss)
399 http fetch GET 200 https://registry.npmjs.org/function-bind/-/function-bind-1.1.2.tgz 7458ms (cache miss)
400 http fetch GET 200 https://registry.npmjs.org/form-data/-/form-data-4.0.1.tgz 7470ms (cache miss)
401 http fetch GET 200 https://registry.npmjs.org/fill-range/-/fill-range-7.1.1.tgz 7468ms (cache miss)
402 http fetch GET 200 https://registry.npmjs.org/follow-redirects/-/follow-redirects-1.15.9.tgz 7476ms (cache miss)
403 http fetch GET 200 https://registry.npmjs.org/readdirp/-/readdirp-3.6.0.tgz 7567ms (cache miss)
404 http fetch GET 200 https://registry.npmjs.org/fraction.js/-/fraction.js-4.3.7.tgz 7557ms (cache miss)
405 http fetch GET 200 https://registry.npmjs.org/is-core-module/-/is-core-module-2.16.1.tgz 7646ms (cache miss)
406 http fetch GET 200 https://registry.npmjs.org/lines-and-columns/-/lines-and-columns-1.2.4.tgz 7698ms (cache miss)
407 http fetch GET 200 https://registry.npmjs.org/emoji-regex/-/emoji-regex-9.2.2.tgz 7696ms (cache miss)
408 http fetch GET 200 https://registry.npmjs.org/eastasianwidth/-/eastasianwidth-0.2.0.tgz 7731ms (cache miss)
409 http fetch GET 200 https://registry.npmjs.org/didyoumean/-/didyoumean-1.2.2.tgz 7735ms (cache miss)
410 http fetch GET 200 https://registry.npmjs.org/jiti/-/jiti-2.4.2.tgz 7897ms (cache miss)
411 http fetch GET 200 https://registry.npmjs.org/esbuild/-/esbuild-0.24.2.tgz 7871ms (cache miss)
412 http fetch GET 200 https://registry.npmjs.org/fastq/-/fastq-1.18.0.tgz 7884ms (cache miss)
413 http fetch GET 200 https://registry.npmjs.org/escalade/-/escalade-3.2.0.tgz 7918ms (cache miss)
414 http fetch GET 200 https://registry.npmjs.org/cross-spawn/-/cross-spawn-7.0.6.tgz 8210ms (cache miss)
415 http fetch GET 200 https://registry.npmjs.org/delayed-stream/-/delayed-stream-1.0.0.tgz 8217ms (cache miss)
416 http fetch GET 200 https://registry.npmjs.org/detect-libc/-/detect-libc-1.0.3.tgz 8214ms (cache miss)
417 http fetch GET 200 https://registry.npmjs.org/dlv/-/dlv-1.1.3.tgz 8217ms (cache miss)
418 http fetch GET 200 https://registry.npmjs.org/cssesc/-/cssesc-3.0.0.tgz 8256ms (cache miss)
419 http fetch GET 200 https://registry.npmjs.org/resolve/-/resolve-1.22.10.tgz 8357ms (cache miss)
420 http fetch GET 200 https://registry.npmjs.org/commander/-/commander-4.1.1.tgz 8271ms (cache miss)
421 http fetch GET 200 https://registry.npmjs.org/foreground-child/-/foreground-child-3.3.0.tgz 8348ms (cache miss)
422 http fetch GET 200 https://registry.npmjs.org/electron-to-chromium/-/electron-to-chromium-1.5.88.tgz 8343ms (cache miss)
423 http fetch GET 200 https://registry.npmjs.org/combined-stream/-/combined-stream-1.0.8.tgz 8449ms (cache miss)
424 http fetch GET 200 https://registry.npmjs.org/cliui/-/cliui-8.0.1.tgz 8435ms (cache miss)
425 http fetch GET 200 https://registry.npmjs.org/camelcase-css/-/camelcase-css-2.0.1.tgz 8485ms (cache miss)
426 http fetch GET 200 https://registry.npmjs.org/fast-glob/-/fast-glob-3.3.3.tgz 8569ms (cache miss)
427 http fetch GET 200 https://registry.npmjs.org/enhanced-resolve/-/enhanced-resolve-5.18.0.tgz 8591ms (cache miss)
428 http fetch GET 200 https://registry.npmjs.org/chalk/-/chalk-4.1.2.tgz 8561ms (cache miss)
429 http fetch GET 200 https://registry.npmjs.org/simple-datatables/-/simple-datatables-9.2.2.tgz 8729ms (cache miss)
430 http fetch GET 200 https://registry.npmjs.org/glob/-/glob-10.4.5.tgz 8708ms (cache miss)
431 http fetch GET 200 https://registry.npmjs.org/braces/-/braces-3.0.3.tgz 8711ms (cache miss)
432 http fetch GET 200 https://registry.npmjs.org/brace-expansion/-/brace-expansion-2.0.1.tgz 8723ms (cache miss)
433 http fetch GET 200 https://registry.npmjs.org/binary-extensions/-/binary-extensions-2.3.0.tgz 8725ms (cache miss)
434 http fetch GET 200 https://registry.npmjs.org/tailwindcss/-/tailwindcss-3.4.17.tgz 9098ms (cache miss)
435 http fetch GET 200 https://registry.npmjs.org/asynckit/-/asynckit-0.4.0.tgz 9030ms (cache miss)
436 http fetch GET 200 https://registry.npmjs.org/arg/-/arg-5.0.2.tgz 9169ms (cache miss)
437 http fetch GET 200 https://registry.npmjs.org/balanced-match/-/balanced-match-1.0.2.tgz 9176ms (cache miss)
438 http fetch GET 200 https://registry.npmjs.org/browserslist/-/browserslist-4.24.4.tgz 9333ms (cache miss)
439 http fetch GET 200 https://registry.npmjs.org/concurrently/-/concurrently-9.1.2.tgz 9364ms (cache miss)
440 http fetch GET 200 https://registry.npmjs.org/anymatch/-/anymatch-3.1.3.tgz 9383ms (cache miss)
441 http fetch GET 200 https://registry.npmjs.org/ansi-regex/-/ansi-regex-6.1.0.tgz 9657ms (cache miss)
442 http fetch GET 200 https://registry.npmjs.org/any-promise/-/any-promise-1.3.0.tgz 9660ms (cache miss)
443 http fetch GET 200 https://registry.npmjs.org/autoprefixer/-/autoprefixer-10.4.20.tgz 9743ms (cache miss)
444 http fetch GET 200 https://registry.npmjs.org/color-name/-/color-name-1.1.4.tgz 9842ms (cache miss)
445 http fetch GET 200 https://registry.npmjs.org/color-convert/-/color-convert-2.0.1.tgz 9872ms (cache miss)
446 http fetch GET 200 https://registry.npmjs.org/@types/estree/-/estree-1.0.6.tgz 9917ms (cache miss)
447 http fetch GET 200 https://registry.npmjs.org/ansi-styles/-/ansi-styles-4.3.0.tgz 10014ms (cache miss)
448 http fetch GET 200 https://registry.npmjs.org/@nodelib/fs.walk/-/fs.walk-1.2.8.tgz 10033ms (cache miss)
449 http fetch GET 200 https://registry.npmjs.org/@nodelib/fs.scandir/-/fs.scandir-2.1.5.tgz 10141ms (cache miss)
450 http fetch GET 200 https://registry.npmjs.org/@jridgewell/set-array/-/set-array-1.2.1.tgz 10199ms (cache miss)
451 http fetch GET 200 https://registry.npmjs.org/@nodelib/fs.stat/-/fs.stat-2.0.5.tgz 10225ms (cache miss)
452 http fetch GET 200 https://registry.npmjs.org/@alloc/quick-lru/-/quick-lru-5.2.0.tgz 11017ms (cache miss)
453 http fetch GET 200 https://registry.npmjs.org/strip-ansi/-/strip-ansi-6.0.1.tgz 11109ms (cache miss)
454 http fetch GET 200 https://registry.npmjs.org/@tailwindcss/vite/-/vite-4.0.0.tgz 11159ms (cache miss)
455 http fetch GET 200 https://registry.npmjs.org/@jridgewell/gen-mapping/-/gen-mapping-0.3.8.tgz 11132ms (cache miss)
456 http fetch GET 200 https://registry.npmjs.org/@tailwindcss/node/-/node-4.0.0.tgz 11232ms (cache miss)
457 http fetch GET 200 https://registry.npmjs.org/@jridgewell/sourcemap-codec/-/sourcemap-codec-1.5.0.tgz 11235ms (cache miss)
458 http fetch GET 200 https://registry.npmjs.org/string-width/-/string-width-4.2.3.tgz 11245ms (cache miss)
459 http fetch GET 200 https://registry.npmjs.org/@isaacs/cliui/-/cliui-8.0.2.tgz 11283ms (cache miss)
460 http fetch GET 200 https://registry.npmjs.org/emoji-regex/-/emoji-regex-8.0.0.tgz 11302ms (cache miss)
461 http fetch GET 200 https://registry.npmjs.org/strip-ansi/-/strip-ansi-6.0.1.tgz 11314ms (cache miss)
462 http fetch GET 200 https://registry.npmjs.org/emoji-regex/-/emoji-regex-8.0.0.tgz 11352ms (cache miss)
463 http fetch GET 200 https://registry.npmjs.org/ansi-regex/-/ansi-regex-5.0.1.tgz 11390ms (cache miss)
464 http fetch GET 200 https://registry.npmjs.org/ansi-regex/-/ansi-regex-5.0.1.tgz 11420ms (cache miss)
465 http fetch GET 200 https://registry.npmjs.org/ansi-regex/-/ansi-regex-5.0.1.tgz 11397ms (cache miss)
466 http fetch GET 200 https://registry.npmjs.org/ansi-regex/-/ansi-regex-5.0.1.tgz 11395ms (cache miss)
467 http fetch GET 200 https://registry.npmjs.org/string-width/-/string-width-4.2.3.tgz 11439ms (cache miss)
468 http fetch GET 200 https://registry.npmjs.org/lru-cache/-/lru-cache-10.4.3.tgz 11578ms (cache miss)
469 http fetch GET 200 https://registry.npmjs.org/strip-ansi/-/strip-ansi-6.0.1.tgz 11435ms (cache miss)
470 http fetch GET 200 https://registry.npmjs.org/emoji-regex/-/emoji-regex-8.0.0.tgz 11436ms (cache miss)
471 http fetch GET 200 https://registry.npmjs.org/wrap-ansi/-/wrap-ansi-7.0.0.tgz 11474ms (cache miss)
472 http fetch GET 200 https://registry.npmjs.org/strip-ansi/-/strip-ansi-6.0.1.tgz 11477ms (cache miss)
473 http fetch GET 200 https://registry.npmjs.org/ansi-styles/-/ansi-styles-6.2.1.tgz 11505ms (cache miss)
474 http fetch GET 200 https://registry.npmjs.org/ansi-regex/-/ansi-regex-5.0.1.tgz 11510ms (cache miss)
475 http fetch GET 200 https://registry.npmjs.org/string-width/-/string-width-4.2.3.tgz 11519ms (cache miss)
476 http fetch GET 200 https://registry.npmjs.org/@jridgewell/resolve-uri/-/resolve-uri-3.1.2.tgz 11559ms (cache miss)
477 http fetch GET 200 https://registry.npmjs.org/emoji-regex/-/emoji-regex-8.0.0.tgz 11522ms (cache miss)
478 http fetch GET 200 https://registry.npmjs.org/@jridgewell/trace-mapping/-/trace-mapping-0.3.25.tgz 11582ms (cache miss)
479 http fetch GET 200 https://registry.npmjs.org/@tailwindcss/oxide/-/oxide-4.0.0.tgz 11629ms (cache miss)
480 http fetch GET 200 https://registry.npmjs.org/glob-parent/-/glob-parent-5.1.2.tgz 11557ms (cache miss)
481 http fetch GET 200 https://registry.npmjs.org/glob-parent/-/glob-parent-5.1.2.tgz 11567ms (cache miss)
482 http fetch GET 200 https://registry.npmjs.org/supports-color/-/supports-color-7.2.0.tgz 11523ms (cache miss)
483 http fetch GET 200 https://registry.npmjs.org/axios/-/axios-1.7.9.tgz 11849ms (cache miss)
484 http fetch GET 200 https://registry.npmjs.org/vite/-/vite-6.0.11.tgz 12060ms (cache miss)
485 http fetch GET 200 https://registry.npmjs.org/diff-dom/-/diff-dom-5.1.4.tgz 11966ms (cache miss)
486 http fetch GET 200 https://registry.npmjs.org/@rollup/rollup-win32-x64-msvc/-/rollup-win32-x64-msvc-4.32.1.tgz 12023ms (cache miss)
487 http fetch GET 200 https://registry.npmjs.org/tailwindcss/-/tailwindcss-4.0.0.tgz 12070ms (cache miss)
488 http fetch GET 200 https://registry.npmjs.org/@pkgjs/parseargs/-/parseargs-0.11.0.tgz 12846ms (cache miss)
489 http fetch GET 200 https://registry.npmjs.org/chokidar/-/chokidar-3.6.0.tgz 13714ms (cache miss)
490 http fetch GET 200 https://registry.npmjs.org/@tailwindcss/oxide-win32-x64-msvc/-/oxide-win32-x64-msvc-4.0.0.tgz 14069ms (cache miss)
491 http fetch GET 200 https://registry.npmjs.org/jiti/-/jiti-1.21.7.tgz 14121ms (cache miss)
492 http fetch GET 200 https://registry.npmjs.org/tailwindcss/-/tailwindcss-4.0.0.tgz 14090ms (cache miss)
493 http fetch GET 200 https://registry.npmjs.org/lightningcss-win32-x64-msvc/-/lightningcss-win32-x64-msvc-1.29.1.tgz 15367ms (cache miss)
494 http fetch GET 200 https://registry.npmjs.org/dayjs/-/dayjs-1.11.13.tgz 15626ms (cache miss)
495 http fetch GET 200 https://registry.npmjs.org/lodash/-/lodash-4.17.21.tgz 16798ms (cache miss)
496 http fetch GET 200 https://registry.npmjs.org/caniuse-lite/-/caniuse-lite-1.0.30001695.tgz 17043ms (cache miss)
497 http fetch GET 200 https://registry.npmjs.org/@esbuild/win32-x64/-/win32-x64-0.24.2.tgz 17454ms (cache miss)
498 http fetch GET 200 https://registry.npmjs.org/rxjs/-/rxjs-7.8.1.tgz 20597ms (cache miss)
499 info run esbuild@0.24.2 postinstall node_modules/esbuild node install.js
500 info run esbuild@0.24.2 postinstall { code: 0, signal: null }
501 silly ADD node_modules/yargs-parser
502 silly ADD node_modules/yargs
503 silly ADD node_modules/yargs/node_modules/strip-ansi
504 silly ADD node_modules/yargs/node_modules/string-width
505 silly ADD node_modules/yargs/node_modules/emoji-regex
506 silly ADD node_modules/yargs/node_modules/ansi-regex
507 silly ADD node_modules/yaml
508 silly ADD node_modules/y18n
509 silly ADD node_modules/wrap-ansi-cjs
510 silly ADD node_modules/wrap-ansi-cjs/node_modules/strip-ansi
511 silly ADD node_modules/wrap-ansi-cjs/node_modules/string-width
512 silly ADD node_modules/wrap-ansi-cjs/node_modules/emoji-regex
513 silly ADD node_modules/wrap-ansi-cjs/node_modules/ansi-regex
514 silly ADD node_modules/wrap-ansi
515 silly ADD node_modules/wrap-ansi/node_modules/ansi-styles
516 silly ADD node_modules/which
517 silly ADD node_modules/vite-plugin-full-reload
518 silly ADD node_modules/vite
519 silly ADD node_modules/util-deprecate
520 silly ADD node_modules/update-browserslist-db
521 silly ADD node_modules/tslib
522 silly ADD node_modules/ts-interface-checker
523 silly ADD node_modules/tree-kill
524 silly ADD node_modules/to-regex-range
525 silly ADD node_modules/thenify-all
526 silly ADD node_modules/thenify
527 silly ADD node_modules/tapable
528 silly ADD node_modules/tailwindcss
529 silly ADD node_modules/tailwindcss/node_modules/jiti
530 silly ADD node_modules/supports-preserve-symlinks-flag
531 silly ADD node_modules/supports-color
532 silly ADD node_modules/sucrase
533 silly ADD node_modules/strip-ansi-cjs
534 silly ADD node_modules/strip-ansi-cjs/node_modules/ansi-regex
535 silly ADD node_modules/strip-ansi
536 silly ADD node_modules/string-width-cjs
537 silly ADD node_modules/string-width-cjs/node_modules/strip-ansi
538 silly ADD node_modules/string-width-cjs/node_modules/emoji-regex
539 silly ADD node_modules/string-width-cjs/node_modules/ansi-regex
540 silly ADD node_modules/string-width
541 silly ADD node_modules/source-map-js
542 silly ADD node_modules/simple-datatables
543 silly ADD node_modules/signal-exit
544 silly ADD node_modules/shell-quote
545 silly ADD node_modules/shebang-regex
546 silly ADD node_modules/shebang-command
547 silly ADD node_modules/rxjs
548 silly ADD node_modules/run-parallel
549 silly ADD node_modules/rollup
550 silly ADD node_modules/reusify
551 silly ADD node_modules/resolve
552 silly ADD node_modules/require-directory
553 silly ADD node_modules/readdirp
554 silly ADD node_modules/read-cache
555 silly ADD node_modules/queue-microtask
556 silly ADD node_modules/proxy-from-env
557 silly ADD node_modules/postcss-value-parser
558 silly ADD node_modules/postcss-selector-parser
559 silly ADD node_modules/postcss-nested
560 silly ADD node_modules/postcss-load-config
561 silly ADD node_modules/postcss-js
562 silly ADD node_modules/postcss-import
563 silly ADD node_modules/postcss
564 silly ADD node_modules/pirates
565 silly ADD node_modules/pify
566 silly ADD node_modules/picomatch
567 silly ADD node_modules/picocolors
568 silly ADD node_modules/path-scurry
569 silly ADD node_modules/path-parse
570 silly ADD node_modules/path-key
571 silly ADD node_modules/package-json-from-dist
572 silly ADD node_modules/object-hash
573 silly ADD node_modules/object-assign
574 silly ADD node_modules/normalize-range
575 silly ADD node_modules/normalize-path
576 silly ADD node_modules/node-releases
577 silly ADD node_modules/nanoid
578 silly ADD node_modules/mz
579 silly ADD node_modules/minipass
580 silly ADD node_modules/minimatch
581 silly ADD node_modules/mime-types
582 silly ADD node_modules/mime-db
583 silly ADD node_modules/micromatch
584 silly ADD node_modules/merge2
585 silly ADD node_modules/lru-cache
586 silly ADD node_modules/lodash
587 silly ADD node_modules/lines-and-columns
588 silly ADD node_modules/lilconfig
589 silly ADD node_modules/lightningcss-win32-x64-msvc
590 silly ADD
591 silly ADD
592 silly ADD
593 silly ADD
594 silly ADD
595 silly ADD
596 silly ADD
597 silly ADD
598 silly ADD
599 silly ADD node_modules/lightningcss
600 silly ADD node_modules/laravel-vite-plugin
601 silly ADD node_modules/jiti
602 silly ADD node_modules/jackspeak
603 silly ADD node_modules/isexe
604 silly ADD node_modules/is-number
605 silly ADD node_modules/is-glob
606 silly ADD node_modules/is-fullwidth-code-point
607 silly ADD node_modules/is-extglob
608 silly ADD node_modules/is-core-module
609 silly ADD node_modules/is-binary-path
610 silly ADD node_modules/hasown
611 silly ADD node_modules/has-flag
612 silly ADD node_modules/graceful-fs
613 silly ADD node_modules/glob-parent
614 silly ADD node_modules/glob
615 silly ADD node_modules/get-caller-file
616 silly ADD node_modules/function-bind
617 silly ADD
618 silly ADD node_modules/fraction.js
619 silly ADD node_modules/form-data
620 silly ADD node_modules/foreground-child
621 silly ADD node_modules/follow-redirects
622 silly ADD node_modules/fill-range
623 silly ADD node_modules/fastq
624 silly ADD node_modules/fast-glob
625 silly ADD node_modules/fast-glob/node_modules/glob-parent
626 silly ADD node_modules/escalade
627 silly ADD node_modules/esbuild
628 silly ADD node_modules/enhanced-resolve
629 silly ADD node_modules/emoji-regex
630 silly ADD node_modules/electron-to-chromium
631 silly ADD node_modules/eastasianwidth
632 silly ADD node_modules/dlv
633 silly ADD node_modules/diff-dom
634 silly ADD node_modules/didyoumean
635 silly ADD node_modules/detect-libc
636 silly ADD node_modules/delayed-stream
637 silly ADD node_modules/dayjs
638 silly ADD node_modules/cssesc
639 silly ADD node_modules/cross-spawn
640 silly ADD node_modules/concurrently
641 silly ADD node_modules/commander
642 silly ADD node_modules/combined-stream
643 silly ADD node_modules/color-name
644 silly ADD node_modules/color-convert
645 silly ADD node_modules/cliui
646 silly ADD node_modules/cliui/node_modules/wrap-ansi
647 silly ADD node_modules/cliui/node_modules/strip-ansi
648 silly ADD node_modules/cliui/node_modules/string-width
649 silly ADD node_modules/cliui/node_modules/emoji-regex
650 silly ADD node_modules/cliui/node_modules/ansi-regex
651 silly ADD node_modules/chokidar
652 silly ADD node_modules/chokidar/node_modules/glob-parent
653 silly ADD node_modules/chalk
654 silly ADD node_modules/chalk/node_modules/supports-color
655 silly ADD node_modules/caniuse-lite
656 silly ADD node_modules/camelcase-css
657 silly ADD node_modules/browserslist
658 silly ADD node_modules/braces
659 silly ADD node_modules/brace-expansion
660 silly ADD node_modules/binary-extensions
661 silly ADD node_modules/balanced-match
662 silly ADD node_modules/axios
663 silly ADD node_modules/autoprefixer
664 silly ADD node_modules/asynckit
665 silly ADD node_modules/arg
666 silly ADD node_modules/anymatch
667 silly ADD node_modules/any-promise
668 silly ADD node_modules/ansi-styles
669 silly ADD node_modules/ansi-regex
670 silly ADD node_modules/@types/estree
671 silly ADD node_modules/@tailwindcss/vite
672 silly ADD node_modules/@tailwindcss/vite/node_modules/tailwindcss
673 silly ADD node_modules/@tailwindcss/oxide-win32-x64-msvc
674 silly ADD
675 silly ADD
676 silly ADD
677 silly ADD
678 silly ADD
679 silly ADD
680 silly ADD
681 silly ADD
682 silly ADD
683 silly ADD
684 silly ADD node_modules/@tailwindcss/oxide
685 silly ADD node_modules/@tailwindcss/node
686 silly ADD node_modules/@tailwindcss/node/node_modules/tailwindcss
687 silly ADD node_modules/@rollup/rollup-win32-x64-msvc
688 silly ADD
689 silly ADD
690 silly ADD
691 silly ADD
692 silly ADD
693 silly ADD
694 silly ADD
695 silly ADD
696 silly ADD
697 silly ADD
698 silly ADD
699 silly ADD
700 silly ADD
701 silly ADD
702 silly ADD
703 silly ADD
704 silly ADD
705 silly ADD
706 silly ADD node_modules/@pkgjs/parseargs
707 silly ADD node_modules/@nodelib/fs.walk
708 silly ADD node_modules/@nodelib/fs.stat
709 silly ADD node_modules/@nodelib/fs.scandir
710 silly ADD node_modules/@jridgewell/trace-mapping
711 silly ADD node_modules/@jridgewell/sourcemap-codec
712 silly ADD node_modules/@jridgewell/set-array
713 silly ADD node_modules/@jridgewell/resolve-uri
714 silly ADD node_modules/@jridgewell/gen-mapping
715 silly ADD node_modules/@isaacs/cliui
716 silly ADD node_modules/@esbuild/win32-x64
717 silly ADD
718 silly ADD
719 silly ADD
720 silly ADD
721 silly ADD
722 silly ADD
723 silly ADD
724 silly ADD
725 silly ADD
726 silly ADD
727 silly ADD
728 silly ADD
729 silly ADD
730 silly ADD
731 silly ADD
732 silly ADD
733 silly ADD
734 silly ADD
735 silly ADD
736 silly ADD
737 silly ADD
738 silly ADD
739 silly ADD
740 silly ADD
741 silly ADD node_modules/@alloc/quick-lru
742 verbose exit 0
743 info ok
